Started render process: D:/App/Kdenlive/bin/melt.exe -progress C:/Users/Mathieu/AppData/Local/Temp/kdenlive-FlWokA.mlt out=1269
1	39	3
2	90	7
3	142	11
4	179	14
5	230	18
6	268	21
7	305	24
8	343	27
9	370	29
10	395	31
11	421	33
12	433	34
13	458	36
14	484	38
15	508	40
16	521	41
17	547	43
18	559	44
19	586	46
20	597	47
21	610	48
22	635	50
23	648	51
24	662	52
25	686	54
26	699	55
27	713	56
28	738	58
29	750	59
30	763	60
31	788	62
32	802	63
33	813	64
34	839	66
35	851	67
36	864	68
37	889	70
38	903	71
39	915	72
40	941	74
41	953	75
42	967	76
43	991	78
44	1005	79
45	1016	80
46	1029	81
47	1043	82
48	1055	83
49	1067	84
50	1093	86
51	1105	87
52	1119	88
53	1131	89
54	1143	90
55	1156	91
56	1170	92
57	1183	93
58	1195	94
60	1220	96
61	1245	98
[mp4 @ 0000000006b7c080] Timestamps are unset in a packet for stream 1. This is deprecated and will stop working in the future. Fix your code to set the timestamps properly [mp4 @ 0000000006b7c080] Encoder did not produce proper pts, making some up.[mp4 @ 0000000006b7c080] Application provided invalid, non monotonically increasing dts to muxer in stream 1: 2438144 >= 2438144Rendering of C:/Users/Mathieu/Documents/GitHub/PS2/assets/VideoImgs/CutsceneIntro.mp4 aborted, resulting video will probably be corrupted.
Frame: 1245
